INFO [03-15|15:40:10] Maximum peer count                       ETH=25 LES=0 total=25
INFO [03-15|15:40:10] Starting peer-to-peer node               instance=Geth/leeren/v1.8.2-stable/darwin-amd64/go1.10
INFO [03-15|15:40:10] Allocated cache and file handles         database=/Users/leeren/.ethereum_private/geth/chaindata cache=768 handles=1024
INFO [03-15|15:40:10] Initialised chain configuration          config="{ChainID: 45 Homestead: 0 DAO: <nil> DAOSupport: false EIP150: <nil> EIP155: 0 EIP158: 0 Byzantium: <nil> Constantinople: <nil> Engine: unknown}"
INFO [03-15|15:40:10] Disk storage enabled for ethash caches   dir=/Users/leeren/.ethereum_private/geth/ethash count=3
INFO [03-15|15:40:10] Disk storage enabled for ethash DAGs     dir=/Users/leeren/.ethash                       count=2
INFO [03-15|15:40:10] Initialising Ethereum protocol           versions="[63 62]" network=8777679
INFO [03-15|15:40:10] Loaded most recent local header          number=6338 hash=bad711…181663 td=5461530223
INFO [03-15|15:40:10] Loaded most recent local full block      number=6338 hash=bad711…181663 td=5461530223
INFO [03-15|15:40:10] Loaded most recent local fast block      number=6338 hash=bad711…181663 td=5461530223
INFO [03-15|15:40:10] Loaded local transaction journal         transactions=0 dropped=0
INFO [03-15|15:40:10] Regenerated local transaction journal    transactions=0 accounts=0
WARN [03-15|15:40:10] Blockchain not empty, fast sync disabled 
INFO [03-15|15:40:10] Starting P2P networking 
INFO [03-15|15:40:13] UDP listener up                          self=enode://5e896d1b8011f1fba1b50fbca0988bc0e35c5f781693e31c3ea7ab5c2f37283ff0faf5ba88d05e97ceca085f67fcf3bf182302f9a8be2ede26abc503b61f5e24@[::]:30303
INFO [03-15|15:40:13] RLPx listener up                         self=enode://5e896d1b8011f1fba1b50fbca0988bc0e35c5f781693e31c3ea7ab5c2f37283ff0faf5ba88d05e97ceca085f67fcf3bf182302f9a8be2ede26abc503b61f5e24@[::]:30303
INFO [03-15|15:40:13] IPC endpoint opened                      url=/Users/leeren/main.ipc
INFO [03-15|15:40:13] HTTP endpoint opened                     url=http://127.0.0.1:8545  cors= vhosts=localhost
INFO [03-15|15:40:13] Etherbase automatically configured       address=0x8AC1f01e18b5D78ed965C591a107813F62B5Ad25
INFO [03-15|15:40:45] Submitted contract creation              fullhash=0x965268ac9a74abe2c3aace8db67d59df5779cf89cfb04d0f3e1c4ee6d46b610f contract=0xDE3a02D3ebC212748C28fFdad2C393FD2a89907f
INFO [03-15|15:44:07] Submitted contract creation              fullhash=0x1203bbe441cadf38d7eda7b64eb69c65cc262b39da88d4ed7ab539189362b1d6 contract=0xcdBD7A7D420D4aCe7a2015222C16f90d15E2831d
INFO [03-15|15:45:16] Submitted contract creation              fullhash=0x4ce247f293cc06f5c9a877cbca4df8c3183a7f611c54e73f7b05f7229af26d69 contract=0x8516F0C26A977CB2b5cCc8b08c3ec43DA79add97
INFO [03-15|15:45:36] Submitted contract creation              fullhash=0xe047efef4b7bab9adea31f02b0e67b9955787fc2b03298d5c6b926dde2c2f3ce contract=0x3Aea26Db1e99bF735Cab7B4FA4e9830deeD3f9C1
INFO [03-15|15:46:18] Submitted contract creation              fullhash=0xc557107aea3945a6e99692db24d0f3da133034caab2e9cef588b10f851794bcf contract=0xc6ae85D8ab0ca84031e152c948088FAF5194B0E6
INFO [03-15|15:47:25] Submitted contract creation              fullhash=0x4dc301b8cc86c72d5acc628334d08e91e17a010aa67416aa7f4c9e9dd764d6d4 contract=0x2A1c9CafA6A6D4DF2614d9dDD2E59d0E964b17e8
INFO [03-15|15:48:40] Submitted contract creation              fullhash=0x9d2a8eea89172fd51edbc8e75d0977ee2acbcb58b890b48e3e48baa97aeec2c6 contract=0xf666c6da9904e7ccd26FB61ABC785d9640df706b
INFO [03-15|15:51:05] Submitted contract creation              fullhash=0x4795132faf3cdd26fc96080626e333900dc6b1b880b8e97caccd281653136171 contract=0x80ea71636127fF3E80c3279590794E2a2dFA6fBc
INFO [03-15|15:52:07] HTTP endpoint closed                     url=http://127.0.0.1:8545
INFO [03-15|15:52:07] IPC endpoint closed                      endpoint=/Users/leeren/main.ipc
INFO [03-15|15:52:07] Writing cached state to disk             block=6338 hash=bad711…181663 root=001ba2…c60d30
INFO [03-15|15:52:07] Persisted trie from memory database      nodes=0 size=0.00B time=3.189µs gcnodes=0 gcsize=0.00B gctime=0s livenodes=1 livesize=0.00B
INFO [03-15|15:52:07] Writing cached state to disk             block=6337 hash=01ac15…63a1c9 root=67eb70…c521dc
INFO [03-15|15:52:07] Persisted trie from memory database      nodes=0 size=0.00B time=1.443µs gcnodes=0 gcsize=0.00B gctime=0s livenodes=1 livesize=0.00B
INFO [03-15|15:52:07] Writing cached state to disk             block=6211 hash=5a2ee2…554709 root=4d7328…de6c62
INFO [03-15|15:52:07] Persisted trie from memory database      nodes=0 size=0.00B time=1.27µs  gcnodes=0 gcsize=0.00B gctime=0s livenodes=1 livesize=0.00B
INFO [03-15|15:52:07] Blockchain manager stopped 
INFO [03-15|15:52:07] Stopping Ethereum protocol 
INFO [03-15|15:52:07] Ethereum protocol stopped 
INFO [03-15|15:52:07] Transaction pool stopped 
INFO [03-15|15:52:07] Database closed                          database=/Users/leeren/.ethereum_private/geth/chaindata
INFO [03-15|15:53:27] Maximum peer count                       ETH=25 LES=0 total=25
INFO [03-15|15:53:27] Starting peer-to-peer node               instance=Geth/leeren/v1.8.2-stable/darwin-amd64/go1.10
INFO [03-15|15:53:27] Allocated cache and file handles         database=/Users/leeren/.ethereum_private/geth/chaindata cache=768 handles=1024
INFO [03-15|15:53:27] Initialised chain configuration          config="{ChainID: 45 Homestead: 0 DAO: <nil> DAOSupport: false EIP150: <nil> EIP155: 0 EIP158: 0 Byzantium: <nil> Constantinople: <nil> Engine: unknown}"
INFO [03-15|15:53:27] Disk storage enabled for ethash caches   dir=/Users/leeren/.ethereum_private/geth/ethash count=3
INFO [03-15|15:53:27] Disk storage enabled for ethash DAGs     dir=/Users/leeren/.ethash                       count=2
INFO [03-15|15:53:27] Initialising Ethereum protocol           versions="[63 62]" network=8777679
INFO [03-15|15:53:27] Loaded most recent local header          number=6338 hash=bad711…181663 td=5461530223
INFO [03-15|15:53:27] Loaded most recent local full block      number=6338 hash=bad711…181663 td=5461530223
INFO [03-15|15:53:27] Loaded most recent local fast block      number=6338 hash=bad711…181663 td=5461530223
INFO [03-15|15:53:27] Loaded local transaction journal         transactions=8 dropped=0
INFO [03-15|15:53:27] Regenerated local transaction journal    transactions=8 accounts=1
WARN [03-15|15:53:27] Blockchain not empty, fast sync disabled 
INFO [03-15|15:53:27] Starting P2P networking 
INFO [03-15|15:53:29] UDP listener up                          self=enode://5e896d1b8011f1fba1b50fbca0988bc0e35c5f781693e31c3ea7ab5c2f37283ff0faf5ba88d05e97ceca085f67fcf3bf182302f9a8be2ede26abc503b61f5e24@[::]:30303
INFO [03-15|15:53:29] RLPx listener up                         self=enode://5e896d1b8011f1fba1b50fbca0988bc0e35c5f781693e31c3ea7ab5c2f37283ff0faf5ba88d05e97ceca085f67fcf3bf182302f9a8be2ede26abc503b61f5e24@[::]:30303
INFO [03-15|15:53:29] IPC endpoint opened                      url=/Users/leeren/main.ipc
INFO [03-15|15:53:29] HTTP endpoint opened                     url=http://127.0.0.1:8545  cors= vhosts=localhost
INFO [03-15|15:53:29] Etherbase automatically configured       address=0x8AC1f01e18b5D78ed965C591a107813F62B5Ad25
INFO [03-15|15:55:02] Submitted contract creation              fullhash=0xcea1c8d57d7cce082f704f6109516519a5856f5f5b66ad928633ceac2fa5763a contract=0xd1436fb479b83C39C244c7a16CeC1493410d8eF3
INFO [03-15|15:56:49] Maximum peer count                       ETH=25 LES=0 total=25
INFO [03-15|15:56:49] Starting peer-to-peer node               instance=Geth/leeren/v1.8.2-stable/darwin-amd64/go1.10
INFO [03-15|15:56:49] Allocated cache and file handles         database=/Users/leeren/.ethereum_private/geth/chaindata cache=768 handles=1024
INFO [03-15|15:56:49] Initialised chain configuration          config="{ChainID: 45 Homestead: 0 DAO: <nil> DAOSupport: false EIP150: <nil> EIP155: 0 EIP158: 0 Byzantium: <nil> Constantinople: <nil> Engine: unknown}"
INFO [03-15|15:56:49] Disk storage enabled for ethash caches   dir=/Users/leeren/.ethereum_private/geth/ethash count=3
INFO [03-15|15:56:49] Disk storage enabled for ethash DAGs     dir=/Users/leeren/.ethash                       count=2
INFO [03-15|15:56:49] Initialising Ethereum protocol           versions="[63 62]" network=8777679
INFO [03-15|15:56:49] Loaded most recent local header          number=6338 hash=bad711…181663 td=5461530223
INFO [03-15|15:56:49] Loaded most recent local full block      number=6338 hash=bad711…181663 td=5461530223
INFO [03-15|15:56:49] Loaded most recent local fast block      number=6338 hash=bad711…181663 td=5461530223
INFO [03-15|15:56:49] Loaded local transaction journal         transactions=9 dropped=0
INFO [03-15|15:56:49] Regenerated local transaction journal    transactions=9 accounts=1
WARN [03-15|15:56:49] Blockchain not empty, fast sync disabled 
INFO [03-15|15:56:49] Starting P2P networking 
INFO [03-15|15:56:51] UDP listener up                          self=enode://5e896d1b8011f1fba1b50fbca0988bc0e35c5f781693e31c3ea7ab5c2f37283ff0faf5ba88d05e97ceca085f67fcf3bf182302f9a8be2ede26abc503b61f5e24@[::]:30303
INFO [03-15|15:56:51] RLPx listener up                         self=enode://5e896d1b8011f1fba1b50fbca0988bc0e35c5f781693e31c3ea7ab5c2f37283ff0faf5ba88d05e97ceca085f67fcf3bf182302f9a8be2ede26abc503b61f5e24@[::]:30303
INFO [03-15|15:56:51] IPC endpoint opened                      url=/Users/leeren/main.ipc
INFO [03-15|15:56:51] HTTP endpoint opened                     url=http://127.0.0.1:8545  cors= vhosts=localhost
INFO [03-15|15:56:51] Etherbase automatically configured       address=0x8AC1f01e18b5D78ed965C591a107813F62B5Ad25
INFO [03-15|15:57:47] Submitted contract creation              fullhash=0x0b50f268579b84dfe5f43ec91e50a9caa4e18d6ccca65892b426d3c641e22dde contract=0xcdDb865438F38e959B63F55ff42F27F30163a785
INFO [03-15|16:06:48] Updated mining threads                   threads=0
INFO [03-15|16:06:48] Transaction pool price threshold updated price=18000000000
INFO [03-15|16:06:48] Starting mining operation 
INFO [03-15|16:06:48] Commit new mining work                   number=6339 txs=1 uncles=0 elapsed=357.202µs
INFO [03-15|16:06:56] Successfully sealed new block            number=6339 hash=3c994b…8d1ba4
INFO [03-15|16:06:57] 🔨 mined potential block                  number=6339 hash=3c994b…8d1ba4
INFO [03-15|16:06:57] Commit new mining work                   number=6340 txs=1 uncles=0 elapsed=324.822µs
INFO [03-15|16:06:57] Successfully sealed new block            number=6340 hash=f4cc7c…fc6ad5
INFO [03-15|16:06:57] 🔨 mined potential block                  number=6340 hash=f4cc7c…fc6ad5
INFO [03-15|16:06:57] Commit new mining work                   number=6341 txs=1 uncles=0 elapsed=401.877µs
INFO [03-15|16:06:58] Successfully sealed new block            number=6341 hash=a1dd05…c8cabb
INFO [03-15|16:06:58] 🔨 mined potential block                  number=6341 hash=a1dd05…c8cabb
INFO [03-15|16:06:58] Commit new mining work                   number=6342 txs=1 uncles=0 elapsed=307.626µs
INFO [03-15|16:07:45] Successfully sealed new block            number=6342 hash=8233d1…b5b13b
INFO [03-15|16:07:45] 🔨 mined potential block                  number=6342 hash=8233d1…b5b13b
INFO [03-15|16:07:45] Commit new mining work                   number=6343 txs=1 uncles=0 elapsed=972.514µs
INFO [03-15|16:07:50] Successfully sealed new block            number=6343 hash=c66b46…48e725
INFO [03-15|16:07:50] 🔨 mined potential block                  number=6343 hash=c66b46…48e725
INFO [03-15|16:07:50] Commit new mining work                   number=6344 txs=1 uncles=0 elapsed=341.921µs
INFO [03-15|16:07:55] Successfully sealed new block            number=6344 hash=f555cd…bc639c
INFO [03-15|16:07:56] 🔗 block reached canonical chain          number=6339 hash=3c994b…8d1ba4
INFO [03-15|16:07:56] 🔨 mined potential block                  number=6344 hash=f555cd…bc639c
INFO [03-15|16:07:56] Commit new mining work                   number=6345 txs=1 uncles=0 elapsed=291.94µs
INFO [03-15|16:08:05] Successfully sealed new block            number=6345 hash=fbd5be…85530c
INFO [03-15|16:08:05] 🔗 block reached canonical chain          number=6340 hash=f4cc7c…fc6ad5
INFO [03-15|16:08:05] 🔨 mined potential block                  number=6345 hash=fbd5be…85530c
INFO [03-15|16:08:05] Commit new mining work                   number=6346 txs=1 uncles=0 elapsed=373.064µs
INFO [03-15|16:08:05] Successfully sealed new block            number=6346 hash=2bec13…0c1e19
INFO [03-15|16:08:05] 🔗 block reached canonical chain          number=6341 hash=a1dd05…c8cabb
INFO [03-15|16:08:05] 🔨 mined potential block                  number=6346 hash=2bec13…0c1e19
INFO [03-15|16:08:05] Commit new mining work                   number=6347 txs=1 uncles=0 elapsed=468.807µs
INFO [03-15|16:08:06] Successfully sealed new block            number=6347 hash=685106…ad732a
INFO [03-15|16:08:06] 🔗 block reached canonical chain          number=6342 hash=8233d1…b5b13b
INFO [03-15|16:08:06] 🔨 mined potential block                  number=6347 hash=685106…ad732a
INFO [03-15|16:08:06] Commit new mining work                   number=6348 txs=1 uncles=0 elapsed=389.215µs
INFO [03-15|16:08:09] Successfully sealed new block            number=6348 hash=af00c9…5e911d
INFO [03-15|16:08:09] 🔗 block reached canonical chain          number=6343 hash=c66b46…48e725
INFO [03-15|16:08:09] 🔨 mined potential block                  number=6348 hash=af00c9…5e911d
INFO [03-15|16:08:09] Commit new mining work                   number=6349 txs=0 uncles=0 elapsed=129.752µs
INFO [03-15|16:08:10] Submitted transaction                    fullhash=0xd9368e5f59ea002331b24498735933dc17f156cf49d18bd9a50cffbd43e033ff recipient=0xcdDb865438F38e959B63F55ff42F27F30163a785
INFO [03-15|16:08:19] Successfully sealed new block            number=6349 hash=f7198b…1ee2d8
INFO [03-15|16:08:19] 🔗 block reached canonical chain          number=6344 hash=f555cd…bc639c
INFO [03-15|16:08:19] 🔨 mined potential block                  number=6349 hash=f7198b…1ee2d8
INFO [03-15|16:08:19] Commit new mining work                   number=6350 txs=1 uncles=0 elapsed=329.716µs
INFO [03-15|16:08:25] Successfully sealed new block            number=6350 hash=44fd39…085251
INFO [03-15|16:08:25] 🔗 block reached canonical chain          number=6345 hash=fbd5be…85530c
INFO [03-15|16:08:25] 🔨 mined potential block                  number=6350 hash=44fd39…085251
INFO [03-15|16:08:25] Commit new mining work                   number=6351 txs=0 uncles=0 elapsed=210.766µs
INFO [03-15|16:08:25] Submitted contract creation              fullhash=0xa3ca4fe28499cb199d0826ced721e4e95dd9730b5f02523f186ee1ca83b0cd3d contract=0x4BD7402b213fcf1eF1825Dc5D7af43f91F8A3696
INFO [03-15|16:08:29] Successfully sealed new block            number=6351 hash=a89812…696332
INFO [03-15|16:08:29] 🔗 block reached canonical chain          number=6346 hash=2bec13…0c1e19
INFO [03-15|16:08:29] 🔨 mined potential block                  number=6351 hash=a89812…696332
INFO [03-15|16:08:29] Commit new mining work                   number=6352 txs=1 uncles=0 elapsed=566.507µs
INFO [03-15|16:08:34] Successfully sealed new block            number=6352 hash=0acaaa…fda7bd
INFO [03-15|16:08:34] 🔗 block reached canonical chain          number=6347 hash=685106…ad732a
INFO [03-15|16:08:34] 🔨 mined potential block                  number=6352 hash=0acaaa…fda7bd
INFO [03-15|16:08:34] Commit new mining work                   number=6353 txs=0 uncles=0 elapsed=204.201µs
INFO [03-15|16:08:34] Submitted transaction                    fullhash=0x49820c7328604956873942d267bdd07767abc1b5d12318af2cd999ce1f065c7d recipient=0xcdDb865438F38e959B63F55ff42F27F30163a785
INFO [03-15|16:08:46] Successfully sealed new block            number=6353 hash=fa468b…89eeb9
INFO [03-15|16:08:46] 🔗 block reached canonical chain          number=6348 hash=af00c9…5e911d
INFO [03-15|16:08:46] 🔨 mined potential block                  number=6353 hash=fa468b…89eeb9
INFO [03-15|16:08:46] Commit new mining work                   number=6354 txs=1 uncles=0 elapsed=330.133µs
INFO [03-15|16:08:54] Successfully sealed new block            number=6354 hash=1fa1fa…cf42ad
INFO [03-15|16:08:54] 🔗 block reached canonical chain          number=6349 hash=f7198b…1ee2d8
INFO [03-15|16:08:54] 🔨 mined potential block                  number=6354 hash=1fa1fa…cf42ad
INFO [03-15|16:08:54] Commit new mining work                   number=6355 txs=0 uncles=0 elapsed=152.322µs
INFO [03-15|16:08:55] Submitted contract creation              fullhash=0x6f35747af97a4c6055acb373f53375e9a185df9e7a358b342f57e03f2d72c9d9 contract=0xF4139cbDA764Ee983f9033CD4D77FeC092308698
INFO [03-15|16:08:59] Successfully sealed new block            number=6355 hash=1ba81a…ce47d7
INFO [03-15|16:08:59] 🔗 block reached canonical chain          number=6350 hash=44fd39…085251
INFO [03-15|16:08:59] 🔨 mined potential block                  number=6355 hash=1ba81a…ce47d7
INFO [03-15|16:08:59] Commit new mining work                   number=6356 txs=1 uncles=0 elapsed=366.35µs
INFO [03-15|16:09:07] Successfully sealed new block            number=6356 hash=582a59…72ae5c
INFO [03-15|16:09:07] 🔗 block reached canonical chain          number=6351 hash=a89812…696332
INFO [03-15|16:09:07] 🔨 mined potential block                  number=6356 hash=582a59…72ae5c
INFO [03-15|16:09:07] Commit new mining work                   number=6357 txs=0 uncles=0 elapsed=124.902µs
INFO [03-15|16:09:08] Submitted transaction                    fullhash=0xe4d5655fb2058c4a6f1982d7eef19ae6e8a247d465b22f46ef35d005c6138814 recipient=0x4BD7402b213fcf1eF1825Dc5D7af43f91F8A3696
INFO [03-15|16:09:08] Submitted contract creation              fullhash=0x2d6688b821b320fc1b12c8f40c1cbfc23ab59de0777aa08b8310dbf62e343c26 contract=0x01Bd62c8f7Aa378E4b714b6aeF7FA411DDE76ea6
INFO [03-15|16:09:10] Successfully sealed new block            number=6357 hash=b6f211…29b04f
INFO [03-15|16:09:10] 🔗 block reached canonical chain          number=6352 hash=0acaaa…fda7bd
INFO [03-15|16:09:10] 🔨 mined potential block                  number=6357 hash=b6f211…29b04f
INFO [03-15|16:09:10] Commit new mining work                   number=6358 txs=2 uncles=0 elapsed=620.864µs
INFO [03-15|16:09:11] Successfully sealed new block            number=6358 hash=b6cd36…bbb4df
INFO [03-15|16:09:11] 🔗 block reached canonical chain          number=6353 hash=fa468b…89eeb9
INFO [03-15|16:09:11] 🔨 mined potential block                  number=6358 hash=b6cd36…bbb4df
INFO [03-15|16:09:11] Commit new mining work                   number=6359 txs=0 uncles=0 elapsed=144.961µs
INFO [03-15|16:09:11] Submitted transaction                    fullhash=0x5450a62b89dd30d59c1e146a44e60988dcdb3fdd8d08f9d6057860d569bc6dd7 recipient=0xF4139cbDA764Ee983f9033CD4D77FeC092308698
INFO [03-15|16:09:12] Submitted transaction                    fullhash=0x4f1eb3fb28e9e0cf5e20c130de66d91ace305d7a81dde21866edd8f9b9952302 recipient=0xcdDb865438F38e959B63F55ff42F27F30163a785
INFO [03-15|16:09:12] Submitted transaction                    fullhash=0xeae6453d5621c00ebd2c791effe1b42c9e37995e6fc0b8118dac120d9029d18e recipient=0x4BD7402b213fcf1eF1825Dc5D7af43f91F8A3696
INFO [03-15|16:09:15] Successfully sealed new block            number=6359 hash=c25094…36c940
INFO [03-15|16:09:15] 🔗 block reached canonical chain          number=6354 hash=1fa1fa…cf42ad
INFO [03-15|16:09:15] 🔨 mined potential block                  number=6359 hash=c25094…36c940
INFO [03-15|16:09:15] Commit new mining work                   number=6360 txs=3 uncles=0 elapsed=6.468ms
INFO [03-15|16:09:18] Successfully sealed new block            number=6360 hash=698c85…260eb1
INFO [03-15|16:09:18] 🔗 block reached canonical chain          number=6355 hash=1ba81a…ce47d7
INFO [03-15|16:09:18] 🔨 mined potential block                  number=6360 hash=698c85…260eb1
INFO [03-15|16:09:18] Commit new mining work                   number=6361 txs=0 uncles=0 elapsed=223.106µs
INFO [03-15|16:09:18] Successfully sealed new block            number=6361 hash=41c726…364c85
INFO [03-15|16:09:18] 🔗 block reached canonical chain          number=6356 hash=582a59…72ae5c
INFO [03-15|16:09:18] 🔨 mined potential block                  number=6361 hash=41c726…364c85
INFO [03-15|16:09:18] Commit new mining work                   number=6362 txs=0 uncles=0 elapsed=140.064µs
INFO [03-15|16:09:21] Successfully sealed new block            number=6362 hash=02f22a…90b0fc
INFO [03-15|16:09:21] 🔗 block reached canonical chain          number=6357 hash=b6f211…29b04f
INFO [03-15|16:09:21] 🔨 mined potential block                  number=6362 hash=02f22a…90b0fc
INFO [03-15|16:09:21] Commit new mining work                   number=6363 txs=0 uncles=0 elapsed=157.939µs
INFO [03-15|16:09:23] Successfully sealed new block            number=6363 hash=e61937…a3fdb8
INFO [03-15|16:09:23] 🔗 block reached canonical chain          number=6358 hash=b6cd36…bbb4df
INFO [03-15|16:09:23] 🔨 mined potential block                  number=6363 hash=e61937…a3fdb8
INFO [03-15|16:09:23] Commit new mining work                   number=6364 txs=0 uncles=0 elapsed=133.607µs
INFO [03-15|16:09:26] Successfully sealed new block            number=6364 hash=093f55…b7e38e
INFO [03-15|16:09:26] 🔗 block reached canonical chain          number=6359 hash=c25094…36c940
INFO [03-15|16:09:26] 🔨 mined potential block                  number=6364 hash=093f55…b7e38e
INFO [03-15|16:09:26] Commit new mining work                   number=6365 txs=0 uncles=0 elapsed=151.244µs
INFO [03-15|16:09:40] Successfully sealed new block            number=6365 hash=722969…94d94b
INFO [03-15|16:09:40] 🔗 block reached canonical chain          number=6360 hash=698c85…260eb1
INFO [03-15|16:09:40] 🔨 mined potential block                  number=6365 hash=722969…94d94b
INFO [03-15|16:09:40] Commit new mining work                   number=6366 txs=0 uncles=0 elapsed=133.167µs
INFO [03-15|16:09:44] Successfully sealed new block            number=6366 hash=3159d3…cce74f
INFO [03-15|16:09:44] 🔗 block reached canonical chain          number=6361 hash=41c726…364c85
INFO [03-15|16:09:44] 🔨 mined potential block                  number=6366 hash=3159d3…cce74f
INFO [03-15|16:09:44] Commit new mining work                   number=6367 txs=0 uncles=0 elapsed=186.506µs
INFO [03-15|16:09:56] Successfully sealed new block            number=6367 hash=7b5cc2…cd4e3c
INFO [03-15|16:09:56] 🔗 block reached canonical chain          number=6362 hash=02f22a…90b0fc
INFO [03-15|16:09:56] 🔨 mined potential block                  number=6367 hash=7b5cc2…cd4e3c
INFO [03-15|16:09:56] Commit new mining work                   number=6368 txs=0 uncles=0 elapsed=143.644µs
INFO [03-15|16:09:57] Successfully sealed new block            number=6368 hash=2144e4…70fad3
INFO [03-15|16:09:57] 🔗 block reached canonical chain          number=6363 hash=e61937…a3fdb8
INFO [03-15|16:09:57] 🔨 mined potential block                  number=6368 hash=2144e4…70fad3
INFO [03-15|16:09:57] Commit new mining work                   number=6369 txs=0 uncles=0 elapsed=143.538µs
INFO [03-15|16:10:01] Successfully sealed new block            number=6369 hash=342d7a…7e1ced
INFO [03-15|16:10:01] 🔗 block reached canonical chain          number=6364 hash=093f55…b7e38e
INFO [03-15|16:10:01] 🔨 mined potential block                  number=6369 hash=342d7a…7e1ced
INFO [03-15|16:10:01] Commit new mining work                   number=6370 txs=0 uncles=0 elapsed=109.46µs
INFO [03-15|16:10:04] Successfully sealed new block            number=6370 hash=7e3ee8…39b055
INFO [03-15|16:10:04] 🔗 block reached canonical chain          number=6365 hash=722969…94d94b
INFO [03-15|16:10:04] 🔨 mined potential block                  number=6370 hash=7e3ee8…39b055
INFO [03-15|16:10:04] Commit new mining work                   number=6371 txs=0 uncles=0 elapsed=197.291µs
INFO [03-15|16:10:12] Successfully sealed new block            number=6371 hash=cfa6fe…743466
INFO [03-15|16:10:12] 🔗 block reached canonical chain          number=6366 hash=3159d3…cce74f
INFO [03-15|16:10:12] 🔨 mined potential block                  number=6371 hash=cfa6fe…743466
INFO [03-15|16:10:12] Commit new mining work                   number=6372 txs=0 uncles=0 elapsed=278.418µs
INFO [03-15|16:10:26] Successfully sealed new block            number=6372 hash=f3ab31…000c10
INFO [03-15|16:10:26] 🔗 block reached canonical chain          number=6367 hash=7b5cc2…cd4e3c
INFO [03-15|16:10:26] 🔨 mined potential block                  number=6372 hash=f3ab31…000c10
INFO [03-15|16:10:26] Commit new mining work                   number=6373 txs=0 uncles=0 elapsed=186.39µs
INFO [03-15|16:10:27] Successfully sealed new block            number=6373 hash=7847b3…bb6cff
INFO [03-15|16:10:27] 🔗 block reached canonical chain          number=6368 hash=2144e4…70fad3
INFO [03-15|16:10:27] 🔨 mined potential block                  number=6373 hash=7847b3…bb6cff
INFO [03-15|16:10:27] Commit new mining work                   number=6374 txs=0 uncles=0 elapsed=249.867µs
INFO [03-15|16:10:34] Successfully sealed new block            number=6374 hash=b450d2…f4c15f
INFO [03-15|16:10:34] 🔗 block reached canonical chain          number=6369 hash=342d7a…7e1ced
INFO [03-15|16:10:34] 🔨 mined potential block                  number=6374 hash=b450d2…f4c15f
INFO [03-15|16:10:34] Commit new mining work                   number=6375 txs=0 uncles=0 elapsed=175.858µs
INFO [03-15|16:10:34] Successfully sealed new block            number=6375 hash=b8e614…5a6db4
INFO [03-15|16:10:34] 🔗 block reached canonical chain          number=6370 hash=7e3ee8…39b055
INFO [03-15|16:10:34] 🔨 mined potential block                  number=6375 hash=b8e614…5a6db4
INFO [03-15|16:10:34] Commit new mining work                   number=6376 txs=0 uncles=0 elapsed=123.494µs
INFO [03-15|16:10:50] Successfully sealed new block            number=6376 hash=2aae51…f1a79c
INFO [03-15|16:10:50] 🔗 block reached canonical chain          number=6371 hash=cfa6fe…743466
INFO [03-15|16:10:50] 🔨 mined potential block                  number=6376 hash=2aae51…f1a79c
INFO [03-15|16:10:50] Commit new mining work                   number=6377 txs=0 uncles=0 elapsed=176.241µs
INFO [03-15|16:10:53] Successfully sealed new block            number=6377 hash=51bc97…e8dcec
INFO [03-15|16:10:53] 🔗 block reached canonical chain          number=6372 hash=f3ab31…000c10
INFO [03-15|16:10:53] 🔨 mined potential block                  number=6377 hash=51bc97…e8dcec
INFO [03-15|16:10:53] Commit new mining work                   number=6378 txs=0 uncles=0 elapsed=228.399µs
INFO [03-15|16:11:12] Successfully sealed new block            number=6378 hash=aa5aec…15afb8
INFO [03-15|16:11:12] 🔗 block reached canonical chain          number=6373 hash=7847b3…bb6cff
INFO [03-15|16:11:12] 🔨 mined potential block                  number=6378 hash=aa5aec…15afb8
INFO [03-15|16:11:12] Commit new mining work                   number=6379 txs=0 uncles=0 elapsed=119.363µs
INFO [03-15|16:11:28] Successfully sealed new block            number=6379 hash=a3a0b4…3f8dd7
INFO [03-15|16:11:28] 🔗 block reached canonical chain          number=6374 hash=b450d2…f4c15f
INFO [03-15|16:11:28] 🔨 mined potential block                  number=6379 hash=a3a0b4…3f8dd7
INFO [03-15|16:11:28] Commit new mining work                   number=6380 txs=0 uncles=0 elapsed=153.689µs
INFO [03-15|16:11:37] Successfully sealed new block            number=6380 hash=261f8a…49bf4a
INFO [03-15|16:11:37] 🔗 block reached canonical chain          number=6375 hash=b8e614…5a6db4
INFO [03-15|16:11:37] 🔨 mined potential block                  number=6380 hash=261f8a…49bf4a
INFO [03-15|16:11:37] Commit new mining work                   number=6381 txs=0 uncles=0 elapsed=780.71µs
INFO [03-15|16:11:39] Successfully sealed new block            number=6381 hash=5e9967…049df5
INFO [03-15|16:11:39] 🔗 block reached canonical chain          number=6376 hash=2aae51…f1a79c
INFO [03-15|16:11:39] 🔨 mined potential block                  number=6381 hash=5e9967…049df5
INFO [03-15|16:11:39] Commit new mining work                   number=6382 txs=0 uncles=0 elapsed=153.103µs
INFO [03-15|16:11:43] Successfully sealed new block            number=6382 hash=fae306…6998ab
INFO [03-15|16:11:43] 🔗 block reached canonical chain          number=6377 hash=51bc97…e8dcec
INFO [03-15|16:11:43] 🔨 mined potential block                  number=6382 hash=fae306…6998ab
INFO [03-15|16:11:43] Commit new mining work                   number=6383 txs=0 uncles=0 elapsed=132.82µs
INFO [03-15|16:11:44] Successfully sealed new block            number=6383 hash=8a1344…98f1d1
INFO [03-15|16:11:44] 🔗 block reached canonical chain          number=6378 hash=aa5aec…15afb8
INFO [03-15|16:11:44] 🔨 mined potential block                  number=6383 hash=8a1344…98f1d1
INFO [03-15|16:11:44] Commit new mining work                   number=6384 txs=0 uncles=0 elapsed=149.003µs
INFO [03-15|16:11:50] Successfully sealed new block            number=6384 hash=31eeae…d7d46e
INFO [03-15|16:11:50] 🔗 block reached canonical chain          number=6379 hash=a3a0b4…3f8dd7
INFO [03-15|16:11:50] 🔨 mined potential block                  number=6384 hash=31eeae…d7d46e
INFO [03-15|16:11:50] Commit new mining work                   number=6385 txs=0 uncles=0 elapsed=164.348µs
INFO [03-15|16:12:16] Successfully sealed new block            number=6385 hash=cd5ec6…c3015f
INFO [03-15|16:12:16] 🔗 block reached canonical chain          number=6380 hash=261f8a…49bf4a
INFO [03-15|16:12:16] 🔨 mined potential block                  number=6385 hash=cd5ec6…c3015f
INFO [03-15|16:12:16] Commit new mining work                   number=6386 txs=0 uncles=0 elapsed=134.246µs
INFO [03-15|16:12:17] Successfully sealed new block            number=6386 hash=b8beba…6a396b
INFO [03-15|16:12:17] 🔗 block reached canonical chain          number=6381 hash=5e9967…049df5
INFO [03-15|16:12:17] 🔨 mined potential block                  number=6386 hash=b8beba…6a396b
INFO [03-15|16:12:17] Commit new mining work                   number=6387 txs=0 uncles=0 elapsed=135.734µs
INFO [03-15|16:12:27] Successfully sealed new block            number=6387 hash=fbd5fd…21a0d8
INFO [03-15|16:12:27] 🔗 block reached canonical chain          number=6382 hash=fae306…6998ab
INFO [03-15|16:12:27] 🔨 mined potential block                  number=6387 hash=fbd5fd…21a0d8
INFO [03-15|16:12:27] Commit new mining work                   number=6388 txs=0 uncles=0 elapsed=148.917µs
INFO [03-15|16:12:28] Successfully sealed new block            number=6388 hash=0cb064…eb563e
INFO [03-15|16:12:28] 🔗 block reached canonical chain          number=6383 hash=8a1344…98f1d1
INFO [03-15|16:12:28] 🔨 mined potential block                  number=6388 hash=0cb064…eb563e
INFO [03-15|16:12:28] Commit new mining work                   number=6389 txs=0 uncles=0 elapsed=130.794µs
INFO [03-15|16:12:29] Successfully sealed new block            number=6389 hash=31bd33…b70e97
INFO [03-15|16:12:29] 🔗 block reached canonical chain          number=6384 hash=31eeae…d7d46e
INFO [03-15|16:12:29] 🔨 mined potential block                  number=6389 hash=31bd33…b70e97
INFO [03-15|16:12:29] Commit new mining work                   number=6390 txs=0 uncles=0 elapsed=169.241µs
INFO [03-15|16:12:30] Successfully sealed new block            number=6390 hash=a0876b…bbc6d6
INFO [03-15|16:12:30] 🔗 block reached canonical chain          number=6385 hash=cd5ec6…c3015f
INFO [03-15|16:12:30] 🔨 mined potential block                  number=6390 hash=a0876b…bbc6d6
INFO [03-15|16:12:30] Commit new mining work                   number=6391 txs=0 uncles=0 elapsed=155.099µs
INFO [03-15|16:12:40] Successfully sealed new block            number=6391 hash=1064eb…1134db
INFO [03-15|16:12:40] 🔗 block reached canonical chain          number=6386 hash=b8beba…6a396b
INFO [03-15|16:12:40] 🔨 mined potential block                  number=6391 hash=1064eb…1134db
INFO [03-15|16:12:40] Commit new mining work                   number=6392 txs=0 uncles=0 elapsed=144.495µs
